#
# There is insufficient memory for the Java Runtime Environment to continue.
# Native memory allocation (malloc) failed to allocate 1077136 bytes for Chunk::new
# Possible reasons:
#   The system is out of physical RAM or swap space
#   The process is running with CompressedOops enabled, and the Java Heap may be blocking the growth of the native heap
# Possible solutions:
#   Reduce memory load on the system
#   Increase physical memory or swap space
#   Check if swap backing store is full
#   Decrease Java heap size (-Xmx/-Xms)
#   Decrease number of Java threads
#   Decrease Java thread stack sizes (-Xss)
#   Set larger code cache with -XX:ReservedCodeCacheSize=
#   JVM is running with Unscaled Compressed Oops mode in which the Java heap is
#     placed in the first 4GB address space. The Java Heap base address is the
#     maximum limit for the native heap growth. Please use -XX:HeapBaseMinAddress
#     to set the Java Heap base and to place the Java Heap above 4GB virtual address.
# This output file may be truncated or incomplete.
#
#  Out of Memory Error (arena.cpp:189), pid=15496, tid=6048
#
# JRE version: OpenJDK Runtime Environment (17.0.6) (build 17.0.6+0-b2043.56-9586694)
# Java VM: OpenJDK 64-Bit Server VM (17.0.6+0-b2043.56-9586694, mixed mode, tiered, compressed oops, compressed class ptrs, g1 gc, windows-amd64)
# No core dump will be written. Minidumps are not enabled by default on client versions of Windows
#

---------------  S U M M A R Y ------------

Command Line: --add-opens=java.base/java.util=ALL-UNNAMED --add-opens=java.base/java.lang=ALL-UNNAMED --add-opens=java.base/java.lang.invoke=ALL-UNNAMED --add-opens=java.prefs/java.util.prefs=ALL-UNNAMED --add-opens=java.base/java.nio.charset=ALL-UNNAMED --add-opens=java.base/java.net=ALL-UNNAMED --add-opens=java.base/java.util.concurrent.atomic=ALL-UNNAMED -Xmx2048m -Dfile.encoding=UTF-8 -Duser.country=HK -Duser.language=zh -Duser.variant org.gradle.launcher.daemon.bootstrap.GradleDaemon 8.0

Host: Intel(R) Core(TM) i7-9700T CPU @ 2.00GHz, 8 cores, 15G,  Windows 10 , 64 bit Build 14393 (10.0.14393.5786)
Time: Wed Jun 28 11:45:54 2023 中國標準時間 elapsed time: 6.838875 seconds (0d 0h 0m 6s)

---------------  T H R E A D  ---------------

Current thread (0x000001f22bfd7c50):  JavaThread "C2 CompilerThread1" daemon [_thread_in_native, id=6048, stack(0x000000966f600000,0x000000966f700000)]


Current CompileTask:
C2:   6838 6921   !   4       org.codehaus.groovy.reflection.stdclasses.CachedSAMClass::hasUsableImplementation (72 bytes)

Stack: [0x000000966f600000,0x000000966f700000]
Native frames: (J=compiled Java code, j=interpreted, Vv=VM code, C=native code)
V  [jvm.dll+0x683b4a]
V  [jvm.dll+0x842654]
V  [jvm.dll+0x843dfe]
V  [jvm.dll+0x844463]
V  [jvm.dll+0x249b75]
V  [jvm.dll+0xabcac]
V  [jvm.dll+0xac27c]
V  [jvm.dll+0x368857]
V  [jvm.dll+0x1bd0b8]
V  [jvm.dll+0x21c359]
V  [jvm.dll+0x21b621]
V  [jvm.dll+0x1a4fdd]
V  [jvm.dll+0x22b098]
V  [jvm.dll+0x229159]
V  [jvm.dll+0x7f809c]
V  [jvm.dll+0x7f25fa]
V  [jvm.dll+0x682985]
C  [ucrtbase.dll+0x1fb80]
C  [KERNEL32.DLL+0x84d4]
C  [ntdll.dll+0x51791]


---------------  P R O C E S S  ---------------

Threads class SMR info:
_java_thread_list=0x000001f232afb2f0, length=125, elements={
0x000001f211441470, 0x000001f22bc63020, 0x000001f22bc190c0, 0x000001f22bc71ea0,
0x000001f22bc944e0, 0x000001f22bc955b0, 0x000001f22bc96270, 0x000001f22bc3aba0,
0x000001f22bc3b4a0, 0x000001f22bcd1030, 0x000001f22be2a070, 0x000001f22be2a540,
0x000001f22bfd7c50, 0x000001f22c468020, 0x000001f22e24b220, 0x000001f22bf09cf0,
0x000001f22bf07b40, 0x000001f22bf09350, 0x000001f22bf089b0, 0x000001f22bf0a1c0,
0x000001f22bf071a0, 0x000001f22bf09820, 0x000001f22bf0a690, 0x000001f22bf06cd0,
0x000001f22bf07670, 0x000001f22ea010f0, 0x000001f22ea08940, 0x000001f22ea04ab0,
0x000001f22ea02430, 0x000001f22ea03770, 0x000001f22ea03c40, 0x000001f22ea04110,
0x000001f22ea01a90, 0x000001f22ea045e0, 0x000001f22ea05920, 0x000001f22ea06c60,
0x000001f22ea07ad0, 0x000001f22ea07130, 0x000001f22ea07fa0, 0x000001f2315ee680,
0x000001f2315f0830, 0x000001f2315ee1b0, 0x000001f2315f11d0, 0x000001f2315eeb50,
0x000001f2315ef4f0, 0x000001f2315f16a0, 0x000001f2315ef9c0, 0x000001f2315efe90,
0x000001f22fa6b330, 0x000001f22fa6ae60, 0x000001f22fa69180, 0x000001f22fa687e0,
0x000001f22fa6cb40, 0x000001f22fa68cb0, 0x000001f22fa6c670, 0x000001f22fa6f1c0,
0x000001f22fa6ecf0, 0x000001f22fa6b800, 0x000001f22fa6f690, 0x000001f22fa6e820,
0x000001f22fa6d010, 0x000001f22fa6de80, 0x000001f22fa69ff0, 0x000001f22fa6e350,
0x000001f22fa6d4e0, 0x000001f22fa67e40, 0x000001f22fa6a990, 0x000001f22fa68310,
0x000001f22fa69650, 0x000001f22fa6a4c0, 0x000001f22fa69b20, 0x000001f22fa6bcd0,
0x000001f22fa6c1a0, 0x000001f22fa6d9b0, 0x000001f231e054a0, 0x000001f231dfeac0,
0x000001f231e01ae0, 0x000001f231e03c90, 0x000001f231e037c0, 0x000001f231dfe5f0,
0x000001f231e01140, 0x000001f231e01fb0, 0x000001f231dfef90, 0x000001f231e05e40,
0x000001f231e00c70, 0x000001f231e032f0, 0x000001f231e04160, 0x000001f231e02480,
0x000001f231dff930, 0x000001f231e01610, 0x000001f231e02950, 0x000001f231e04fd0,
0x000001f231e02e20, 0x000001f231e04630, 0x000001f231e04b00, 0x000001f231e05970,
0x000001f231dff460, 0x000001f231e007a0, 0x000001f231dffe00, 0x000001f231e002d0,
0x000001f22fa505e0, 0x000001f22fa50f80, 0x000001f22fa522c0, 0x000001f22fa51450,
0x000001f22fa51df0, 0x000001f22fa51920, 0x000001f22fa52790, 0x000001f22fa53ad0,
0x000001f22fa52c60, 0x000001f22fa53130, 0x000001f22fa53fa0, 0x000001f22fa53600,
0x000001f22fa50ab0, 0x000001f2318f28b0, 0x000001f2318f10a0, 0x000001f2318eba00,
0x000001f2318f1a40, 0x000001f2318f0700, 0x000001f2318ee550, 0x000001f2318eea20,
0x000001f2318f1f10, 0x000001f2318ec870, 0x000001f2318ec3a0, 0x000001f2318ecd40,
0x000001f2318f1570
}

Java Threads: ( => current thread )
  0x000001f211441470 JavaThread "main" [_thread_blocked, id=3836, stack(0x000000966e300000,0x000000966e400000)]
  0x000001f22bc63020 JavaThread "Reference Handler" daemon [_thread_blocked, id=8244, stack(0x000000966ea00000,0x000000966eb00000)]
  0x000001f22bc190c0 JavaThread "Finalizer" daemon [_thread_blocked, id=7592, stack(0x000000966eb00000,0x000000966ec00000)]
  0x000001f22bc71ea0 JavaThread "Signal Dispatcher" daemon [_thread_blocked, id=15308, stack(0x000000966ec00000,0x000000966ed00000)]
  0x000001f22bc944e0 JavaThread "Attach Listener" daemon [_thread_blocked, id=8160, stack(0x000000966ed00000,0x000000966ee00000)]
  0x000001f22bc955b0 JavaThread "Service Thread" daemon [_thread_blocked, id=2212, stack(0x000000966ee00000,0x000000966ef00000)]
  0x000001f22bc96270 JavaThread "Monitor Deflation Thread" daemon [_thread_blocked, id=7808, stack(0x000000966ef00000,0x000000966f000000)]
  0x000001f22bc3aba0 JavaThread "C2 CompilerThread0" daemon [_thread_in_native, id=1904, stack(0x000000966f000000,0x000000966f100000)]
  0x000001f22bc3b4a0 JavaThread "C1 CompilerThread0" daemon [_thread_blocked, id=3280, stack(0x000000966f100000,0x000000966f200000)]
  0x000001f22bcd1030 JavaThread "Sweeper thread" daemon [_thread_blocked, id=8988, stack(0x000000966f200000,0x000000966f300000)]
  0x000001f22be2a070 JavaThread "Common-Cleaner" daemon [_thread_blocked, id=12076, stack(0x000000966f300000,0x000000966f400000)]
  0x000001f22be2a540 JavaThread "Notification Thread" daemon [_thread_blocked, id=13380, stack(0x000000966f400000,0x000000966f500000)]
=>0x000001f22bfd7c50 JavaThread "C2 CompilerThread1" daemon [_thread_in_native, id=6048, stack(0x000000966f600000,0x000000966f700000)]
  0x000001f22c468020 JavaThread "C2 CompilerThread2" daemon [_thread_blocked, id=4924, stack(0x000000966f700000,0x000000966f800000)]
  0x000001f22e24b220 JavaThread "Daemon health stats" [_thread_blocked, id=11140, stack(0x000000966fd00000,0x000000966fe00000)]
  0x000001f22bf09cf0 JavaThread "Incoming local TCP Connector on port 62987" [_thread_in_native, id=6192, stack(0x000000966fe00000,0x000000966ff00000)]
  0x000001f22bf07b40 JavaThread "Daemon periodic checks" [_thread_blocked, id=6764, stack(0x000000966ff00000,0x0000009670000000)]
  0x000001f22bf09350 JavaThread "Daemon" [_thread_blocked, id=17612, stack(0x0000009670000000,0x0000009670100000)]
  0x000001f22bf089b0 JavaThread "Handler for socket connection from /127.0.0.1:62987 to /127.0.0.1:62988" [_thread_in_native, id=15860, stack(0x0000009670100000,0x0000009670200000)]
  0x000001f22bf0a1c0 JavaThread "Cancel handler" [_thread_blocked, id=6756, stack(0x0000009670200000,0x0000009670300000)]
  0x000001f22bf071a0 JavaThread "Daemon worker" [_thread_in_vm, id=15052, stack(0x0000009670300000,0x0000009670400000)]
  0x000001f22bf09820 JavaThread "Asynchronous log dispatcher for DefaultDaemonConnection: socket connection from /127.0.0.1:62987 to /127.0.0.1:62988" [_thread_blocked, id=7960, stack(0x0000009670400000,0x0000009670500000)]
  0x000001f22bf0a690 JavaThread "Stdin handler" [_thread_blocked, id=5772, stack(0x0000009670500000,0x0000009670600000)]
  0x000001f22bf06cd0 JavaThread "Daemon client event forwarder" [_thread_blocked, id=16824, stack(0x0000009670600000,0x0000009670700000)]
  0x000001f22bf07670 JavaThread "Cache worker for journal cache (C:\Users\Temp\.gradle\caches\journal-1)" [_thread_blocked, id=6100, stack(0x0000009670a00000,0x0000009670b00000)]
  0x000001f22ea010f0 JavaThread "File lock request listener" [_thread_in_native, id=7656, stack(0x0000009670b00000,0x0000009670c00000)]
  0x000001f22ea08940 JavaThread "Cache worker for file hash cache (C:\Users\Temp\.gradle\caches\8.0\fileHashes)" [_thread_blocked, id=15380, stack(0x0000009670c00000,0x0000009670d00000)]
  0x000001f22ea04ab0 JavaThread "Cache worker for checksums cache (C:\Users\Temp\Desktop\Assignment\.gradle\8.0\checksums)" [_thread_blocked, id=11288, stack(0x0000009670d00000,0x0000009670e00000)]
  0x000001f22ea02430 JavaThread "Cache worker for cache directory md-rule (C:\Users\Temp\.gradle\caches\8.0\md-rule)" [_thread_blocked, id=10840, stack(0x0000009670e00000,0x0000009670f00000)]
  0x000001f22ea03770 JavaThread "Cache worker for file content cache (C:\Users\Temp\.gradle\caches\8.0\fileContent)" [_thread_blocked, id=12808, stack(0x0000009670f00000,0x0000009671000000)]
  0x000001f22ea03c40 JavaThread "Cache worker for file hash cache (C:\Users\Temp\Desktop\Assignment\.gradle\8.0\fileHashes)" [_thread_blocked, id=17944, stack(0x0000009671000000,0x0000009671100000)]
  0x000001f22ea04110 JavaThread "Cache worker for cache directory md-supplier (C:\Users\Temp\.gradle\caches\8.0\md-supplier)" [_thread_blocked, id=136, stack(0x0000009671100000,0x0000009671200000)]
  0x000001f22ea01a90 JavaThread "Cache worker for execution history cache (C:\Users\Temp\.gradle\caches\8.0\executionHistory)" [_thread_blocked, id=12544, stack(0x0000009671200000,0x0000009671300000)]
  0x000001f22ea045e0 JavaThread "jar transforms" [_thread_blocked, id=8720, stack(0x0000009671300000,0x0000009671400000)]
  0x000001f22ea05920 JavaThread "jar transforms Thread 2" [_thread_blocked, id=2504, stack(0x0000009671400000,0x0000009671500000)]
  0x000001f22ea06c60 JavaThread "jar transforms Thread 3" [_thread_blocked, id=16632, stack(0x0000009671600000,0x0000009671700000)]
  0x000001f22ea07ad0 JavaThread "jar transforms Thread 4" [_thread_blocked, id=10892, stack(0x0000009671700000,0x0000009671800000)]
  0x000001f22ea07130 JavaThread "Cache worker for dependencies-accessors (C:\Users\Temp\Desktop\Assignment\.gradle\8.0\dependencies-accessors)" [_thread_blocked, id=17720, stack(0x0000009671800000,0x0000009671900000)]
  0x000001f22ea07fa0 JavaThread "jar transforms Thread 5" [_thread_blocked, id=15768, stack(0x0000009671900000,0x0000009671a00000)]
  0x000001f2315ee680 JavaThread "Cache worker for Build Output Cleanup Cache (C:\Users\Temp\Desktop\Assignment\.gradle\buildOutputCleanup)" [_thread_blocked, id=18088, stack(0x0000009671a00000,0x0000009671b00000)]
  0x000001f2315f0830 JavaThread "Unconstrained build operations" [_thread_blocked, id=7416, stack(0x0000009671b00000,0x0000009671c00000)]
  0x000001f2315ee1b0 JavaThread "Unconstrained build operations Thread 2" [_thread_blocked, id=4896, stack(0x0000009671c00000,0x0000009671d00000)]
  0x000001f2315f11d0 JavaThread "Unconstrained build operations Thread 3" [_thread_blocked, id=10152, stack(0x0000009671d00000,0x0000009671e00000)]
  0x000001f2315eeb50 JavaThread "Unconstrained build operations Thread 4" [_thread_blocked, id=9292, stack(0x0000009671e00000,0x0000009671f00000)]
  0x000001f2315ef4f0 JavaThread "Unconstrained build operations Thread 5" [_thread_blocked, id=14744, stack(0x0000009671f00000,0x0000009672000000)]
  0x000001f2315f16a0 JavaThread "Unconstrained build operations Thread 6" [_thread_blocked, id=12112, stack(0x0000009672000000,0x0000009672100000)]
  0x000001f2315ef9c0 JavaThread "Unconstrained build operations Thread 7" [_thread_blocked, id=16264, stack(0x0000009672100000,0x0000009672200000)]
  0x000001f2315efe90 JavaThread "Unconstrained build operations Thread 8" [_thread_blocked, id=15636, stack(0x0000009672200000,0x0000009672300000)]
  0x000001f22fa6b330 JavaThread "Unconstrained build operations Thread 9" [_thread_blocked, id=7180, stack(0x0000009672300000,0x0000009672400000)]
  0x000001f22fa6ae60 JavaThread "Unconstrained build operations Thread 10" [_thread_blocked, id=17568, stack(0x0000009672400000,0x0000009672500000)]
  0x000001f22fa69180 JavaThread "Unconstrained build operations Thread 11" [_thread_blocked, id=16208, stack(0x0000009672500000,0x0000009672600000)]
  0x000001f22fa687e0 JavaThread "Unconstrained build operations Thread 12" [_thread_blocked, id=412, stack(0x0000009672600000,0x0000009672700000)]
  0x000001f22fa6cb40 JavaThread "Unconstrained build operations Thread 13" [_thread_blocked, id=18204, stack(0x0000009672700000,0x0000009672800000)]
  0x000001f22fa68cb0 JavaThread "Unconstrained build operations Thread 14" [_thread_blocked, id=16844, stack(0x0000009672800000,0x0000009672900000)]
  0x000001f22fa6c670 JavaThread "Unconstrained build operations Thread 15" [_thread_blocked, id=13616, stack(0x0000009672900000,0x0000009672a00000)]
  0x000001f22fa6f1c0 JavaThread "Unconstrained build operations Thread 16" [_thread_blocked, id=5956, stack(0x0000009672a00000,0x0000009672b00000)]
  0x000001f22fa6ecf0 JavaThread "Unconstrained build operations Thread 17" [_thread_blocked, id=2000, stack(0x0000009672b00000,0x0000009672c00000)]
  0x000001f22fa6b800 JavaThread "Unconstrained build operations Thread 18" [_thread_blocked, id=11160, stack(0x0000009672c00000,0x0000009672d00000)]
  0x000001f22fa6f690 JavaThread "Unconstrained build operations Thread 19" [_thread_blocked, id=7376, stack(0x0000009672d00000,0x0000009672e00000)]
  0x000001f22fa6e820 JavaThread "Unconstrained build operations Thread 20" [_thread_blocked, id=13288, stack(0x0000009672e00000,0x0000009672f00000)]
  0x000001f22fa6d010 JavaThread "Unconstrained build operations Thread 21" [_thread_blocked, id=13836, stack(0x0000009672f00000,0x0000009673000000)]
  0x000001f22fa6de80 JavaThread "Unconstrained build operations Thread 22" [_thread_blocked, id=16052, stack(0x0000009673000000,0x0000009673100000)]
  0x000001f22fa69ff0 JavaThread "Unconstrained build operations Thread 23" [_thread_blocked, id=5844, stack(0x0000009673100000,0x0000009673200000)]
  0x000001f22fa6e350 JavaThread "Unconstrained build operations Thread 24" [_thread_blocked, id=9016, stack(0x0000009673200000,0x0000009673300000)]
  0x000001f22fa6d4e0 JavaThread "Unconstrained build operations Thread 25" [_thread_blocked, id=18332, stack(0x0000009673300000,0x0000009673400000)]
  0x000001f22fa67e40 JavaThread "Unconstrained build operations Thread 26" [_thread_blocked, id=16248, stack(0x0000009673400000,0x0000009673500000)]
  0x000001f22fa6a990 JavaThread "Unconstrained build operations Thread 27" [_thread_blocked, id=17444, stack(0x0000009673500000,0x0000009673600000)]
  0x000001f22fa68310 JavaThread "Unconstrained build operations Thread 28" [_thread_blocked, id=7124, stack(0x0000009673600000,0x0000009673700000)]
  0x000001f22fa69650 JavaThread "Unconstrained build operations Thread 29" [_thread_blocked, id=17936, stack(0x0000009673700000,0x0000009673800000)]
  0x000001f22fa6a4c0 JavaThread "Unconstrained build operations Thread 30" [_thread_blocked, id=7396, stack(0x0000009673800000,0x0000009673900000)]
  0x000001f22fa69b20 JavaThread "Unconstrained build operations Thread 31" [_thread_blocked, id=10956, stack(0x0000009673900000,0x0000009673a00000)]
  0x000001f22fa6bcd0 JavaThread "Unconstrained build operations Thread 32" [_thread_blocked, id=5224, stack(0x0000009673a00000,0x0000009673b00000)]
  0x000001f22fa6c1a0 JavaThread "Unconstrained build operations Thread 33" [_thread_blocked, id=15320, stack(0x0000009673b00000,0x0000009673c00000)]
  0x000001f22fa6d9b0 JavaThread "Unconstrained build operations Thread 34" [_thread_blocked, id=2980, stack(0x0000009673c00000,0x0000009673d00000)]
  0x000001f231e054a0 JavaThread "Unconstrained build operations Thread 35" [_thread_blocked, id=12736, stack(0x0000009673d00000,0x0000009673e00000)]
  0x000001f231dfeac0 JavaThread "Unconstrained build operations Thread 36" [_thread_blocked, id=16608, stack(0x0000009673e00000,0x0000009673f00000)]
  0x000001f231e01ae0 JavaThread "Unconstrained build operations Thread 37" [_thread_blocked, id=4284, stack(0x0000009673f00000,0x0000009674000000)]
  0x000001f231e03c90 JavaThread "Unconstrained build operations Thread 38" [_thread_blocked, id=12632, stack(0x0000009674000000,0x0000009674100000)]
  0x000001f231e037c0 JavaThread "Unconstrained build operations Thread 39" [_thread_blocked, id=14580, stack(0x0000009674100000,0x0000009674200000)]
  0x000001f231dfe5f0 JavaThread "Unconstrained build operations Thread 40" [_thread_blocked, id=11696, stack(0x0000009674200000,0x0000009674300000)]
  0x000001f231e01140 JavaThread "Unconstrained build operations Thread 41" [_thread_blocked, id=5688, stack(0x0000009674300000,0x0000009674400000)]
  0x000001f231e01fb0 JavaThread "Unconstrained build operations Thread 42" [_thread_blocked, id=14560, stack(0x0000009674400000,0x0000009674500000)]
  0x000001f231dfef90 JavaThread "Unconstrained build operations Thread 43" [_thread_blocked, id=5776, stack(0x0000009674500000,0x0000009674600000)]
  0x000001f231e05e40 JavaThread "Unconstrained build operations Thread 44" [_thread_blocked, id=17076, stack(0x0000009674600000,0x0000009674700000)]
  0x000001f231e00c70 JavaThread "Unconstrained build operations Thread 45" [_thread_blocked, id=13940, stack(0x0000009674700000,0x0000009674800000)]
  0x000001f231e032f0 JavaThread "Unconstrained build operations Thread 46" [_thread_blocked, id=8256, stack(0x0000009674800000,0x0000009674900000)]
  0x000001f231e04160 JavaThread "Unconstrained build operations Thread 47" [_thread_blocked, id=13652, stack(0x0000009674900000,0x0000009674a00000)]
  0x000001f231e02480 JavaThread "Unconstrained build operations Thread 48" [_thread_blocked, id=5848, stack(0x0000009674a00000,0x0000009674b00000)]
  0x000001f231dff930 JavaThread "Unconstrained build operations Thread 49" [_thread_blocked, id=16852, stack(0x0000009674b00000,0x0000009674c00000)]
  0x000001f231e01610 JavaThread "Unconstrained build operations Thread 50" [_thread_blocked, id=1828, stack(0x0000009674c00000,0x0000009674d00000)]
  0x000001f231e02950 JavaThread "Unconstrained build operations Thread 51" [_thread_blocked, id=11908, stack(0x0000009674d00000,0x0000009674e00000)]
  0x000001f231e04fd0 JavaThread "Unconstrained build operations Thread 52" [_thread_blocked, id=17928, stack(0x0000009674e00000,0x0000009674f00000)]
  0x000001f231e02e20 JavaThread "Unconstrained build operations Thread 53" [_thread_blocked, id=7016, stack(0x0000009674f00000,0x0000009675000000)]
  0x000001f231e04630 JavaThread "Unconstrained build operations Thread 54" [_thread_blocked, id=2064, stack(0x0000009675000000,0x0000009675100000)]
  0x000001f231e04b00 JavaThread "Unconstrained build operations Thread 55" [_thread_blocked, id=6656, stack(0x0000009675100000,0x0000009675200000)]
  0x000001f231e05970 JavaThread "Unconstrained build operations Thread 56" [_thread_blocked, id=16000, stack(0x0000009675200000,0x0000009675300000)]
  0x000001f231dff460 JavaThread "Unconstrained build operations Thread 57" [_thread_blocked, id=1668, stack(0x0000009675300000,0x0000009675400000)]
  0x000001f231e007a0 JavaThread "Unconstrained build operations Thread 58" [_thread_blocked, id=8820, stack(0x0000009675400000,0x0000009675500000)]
  0x000001f231dffe00 JavaThread "Unconstrained build operations Thread 59" [_thread_blocked, id=12520, stack(0x0000009675500000,0x0000009675600000)]
  0x000001f231e002d0 JavaThread "Unconstrained build operations Thread 60" [_thread_blocked, id=14660, stack(0x0000009675600000,0x0000009675700000)]
  0x000001f22fa505e0 JavaThread "Unconstrained build operations Thread 61" [_thread_blocked, id=2584, stack(0x0000009675700000,0x0000009675800000)]
  0x000001f22fa50f80 JavaThread "Unconstrained build operations Thread 62" [_thread_blocked, id=17212, stack(0x0000009675800000,0x0000009675900000)]
  0x000001f22fa522c0 JavaThread "Unconstrained build operations Thread 63" [_thread_blocked, id=4136, stack(0x0000009675900000,0x0000009675a00000)]
  0x000001f22fa51450 JavaThread "Unconstrained build operations Thread 64" [_thread_blocked, id=11620, stack(0x0000009675a00000,0x0000009675b00000)]
  0x000001f22fa51df0 JavaThread "Unconstrained build operations Thread 65" [_thread_blocked, id=8716, stack(0x0000009675b00000,0x0000009675c00000)]
  0x000001f22fa51920 JavaThread "Unconstrained build operations Thread 66" [_thread_blocked, id=14788, stack(0x0000009675c00000,0x0000009675d00000)]
  0x000001f22fa52790 JavaThread "Unconstrained build operations Thread 67" [_thread_blocked, id=14468, stack(0x0000009675d00000,0x0000009675e00000)]
  0x000001f22fa53ad0 JavaThread "Unconstrained build operations Thread 68" [_thread_blocked, id=7828, stack(0x0000009675e00000,0x0000009675f00000)]
  0x000001f22fa52c60 JavaThread "Unconstrained build operations Thread 69" [_thread_blocked, id=12744, stack(0x0000009675f00000,0x0000009676000000)]
  0x000001f22fa53130 JavaThread "Unconstrained build operations Thread 70" [_thread_blocked, id=17080, stack(0x0000009676000000,0x0000009676100000)]
  0x000001f22fa53fa0 JavaThread "Unconstrained build operations Thread 71" [_thread_blocked, id=7424, stack(0x0000009676100000,0x0000009676200000)]
  0x000001f22fa53600 JavaThread "Unconstrained build operations Thread 72" [_thread_blocked, id=9568, stack(0x0000009676200000,0x0000009676300000)]
  0x000001f22fa50ab0 JavaThread "Unconstrained build operations Thread 73" [_thread_blocked, id=14572, stack(0x0000009676300000,0x0000009676400000)]
  0x000001f2318f28b0 JavaThread "Unconstrained build operations Thread 74" [_thread_blocked, id=18300, stack(0x0000009676400000,0x0000009676500000)]
  0x000001f2318f10a0 JavaThread "Unconstrained build operations Thread 75" [_thread_blocked, id=12184, stack(0x0000009676500000,0x0000009676600000)]
  0x000001f2318eba00 JavaThread "Unconstrained build operations Thread 76" [_thread_blocked, id=9628, stack(0x0000009676600000,0x0000009676700000)]
  0x000001f2318f1a40 JavaThread "Unconstrained build operations Thread 77" [_thread_blocked, id=13720, stack(0x0000009676700000,0x0000009676800000)]
  0x000001f2318f0700 JavaThread "Unconstrained build operations Thread 78" [_thread_blocked, id=13296, stack(0x0000009676800000,0x0000009676900000)]
  0x000001f2318ee550 JavaThread "Unconstrained build operations Thread 79" [_thread_blocked, id=5128, stack(0x0000009676900000,0x0000009676a00000)]
  0x000001f2318eea20 JavaThread "Unconstrained build operations Thread 80" [_thread_blocked, id=8920, stack(0x0000009676a00000,0x0000009676b00000)]
  0x000001f2318f1f10 JavaThread "jar transforms Thread 6" [_thread_blocked, id=13888, stack(0x0000009676b00000,0x0000009676c00000)]
  0x000001f2318ec870 JavaThread "jar transforms Thread 7" [_thread_blocked, id=15340, stack(0x0000009676c00000,0x0000009676d00000)]
  0x000001f2318ec3a0 JavaThread "jar transforms Thread 8" [_thread_blocked, id=13932, stack(0x0000009676d00000,0x0000009676e00000)]
  0x000001f2318ecd40 JavaThread "build event listener" [_thread_blocked, id=16176, stack(0x0000009676e00000,0x0000009676f00000)]
  0x000001f2318f1570 JavaThread "Memory manager" [_thread_blocked, id=12324, stack(0x0000009676f00000,0x0000009677000000)]

Other Threads:
  0x000001f22b2987e0 VMThread "VM Thread" [stack: 0x000000966e900000,0x000000966ea00000] [id=14356]
  0x000001f2114c37e0 WatcherThread [stack: 0x000000966f500000,0x000000966f600000] [id=13992]
  0x000001f2114a0db0 GCTaskThread "GC Thread#0" [stack: 0x000000966e400000,0x000000966e500000] [id=5612]
  0x000001f22cd10ee0 GCTaskThread "GC Thread#1" [stack: 0x000000966f800000,0x000000966f900000] [id=5316]
  0x000001f22d04b9c0 GCTaskThread "GC Thread#2" [stack: 0x000000966f900000,0x000000966fa00000] [id=7660]
  0x000001f22d04bc70 GCTaskThread "GC Thread#3" [stack: 0x000000966fa00000,0x000000966fb00000] [id=13548]
  0x000001f22d04bf20 GCTaskThread "GC Thread#4" [stack: 0x000000966fb00000,0x000000966fc00000] [id=9956]
  0x000001f22d04c1d0 GCTaskThread "GC Thread#5" [stack: 0x000000966fc00000,0x000000966fd00000] [id=2568]
  0x000001f22d7cec70 GCTaskThread "GC Thread#6" [stack: 0x0000009670700000,0x0000009670800000] [id=6556]
  0x000001f22cfada70 GCTaskThread "GC Thread#7" [stack: 0x0000009670800000,0x0000009670900000] [id=15356]
  0x000001f2114b1c00 ConcurrentGCThread "G1 Main Marker" [stack: 0x000000966e500000,0x000000966e600000] [id=5292]
  0x000001f2114b30e0 ConcurrentGCThread "G1 Conc#0" [stack: 0x000000966e600000,0x000000966e700000] [id=17376]
  0x000001f22f17acd0 ConcurrentGCThread "G1 Conc#1" [stack: 0x0000009670900000,0x0000009670a00000] [id=18072]
  0x000001f21150e020 ConcurrentGCThread "G1 Refine#0" [stack: 0x000000966e700000,0x000000966e800000] [id=8896]
  0x000001f22f8a6830 ConcurrentGCThread "G1 Refine#1" [stack: 0x0000009671500000,0x0000009671600000] [id=8352]
  0x000001f21150e950 ConcurrentGCThread "G1 Service" [stack: 0x000000966e800000,0x000000966e900000] [id=2880]

Threads with active compile tasks:
C2 CompilerThread0     6858 7022 %     4       org.gradle.internal.instantiation.generator.AbstractClassGenerator::inspectType @ 107 (560 bytes)
C2 CompilerThread1     6858 6921   !   4       org.codehaus.groovy.reflection.stdclasses.CachedSAMClass::hasUsableImplementation (72 bytes)

VM state: not at safepoint (normal execution)

VM Mutex/Monitor currently owned by a thread: None

Heap address: 0x0000000080000000, size: 2048 MB, Compressed Oops mode: 32-bit

CDS archive(s) not mapped
Compressed class space mapped at: 0x0000000100000000-0x0000000140000000, reserved size: 1073741824
Narrow klass base: 0x0000000000000000, Narrow klass shift: 3, Narrow klass range: 0x140000000

GC Precious Log:
 CPUs: 8 total, 8 available
 Memory: 16222M
 Large Page Support: Disabled
 NUMA Support: Disabled
 Compressed Oops: Enabled (32-bit)
 Heap Region Size: 1M
 Heap Min Capacity: 8M
 Heap Initial Capacity: 254M
 Heap Max Capacity: 2G
 Pre-touch: Disabled
 Parallel Workers: 8
 Concurrent Workers: 2
 Concurrent Refinement Workers: 8
 Periodic GC: Disabled

Heap:
 garbage-first heap   total 128000K, used 73737K [0x0000000080000000, 0x0000000100000000)
  region size 1024K, 21 young (21504K), 4 survivors (4096K)
 Metaspace       used 69248K, committed 69824K, reserved 1114112K
  class space    used 9148K, committed 9408K, reserved 1048576K

Heap Regions: E=young(eden), S=young(survivor), O=old, HS=humongous(starts), HC=humongous(continues), CS=collection set, F=free, OA=open archive, CA=closed archive, TAMS=top-at-mark-start (previous, next)
|   0|0x0000000080000000, 0x0000000080100000, 0x0000000080100000|100%|HS|  |TAMS 0x0000000080100000, 0x0000000080000000| Complete 
|   1|0x0000000080100000, 0x0000000080200000, 0x0000000080200000|100%|HC|  |TAMS 0x0000000080200000, 0x0000000080100000| Complete 
|   2|0x0000000080200000, 0x0000000080300000, 0x0000000080300000|100%|HC|  |TAMS 0x0000000080300000, 0x0000000080200000| Complete 
|   3|0x0000000080300000, 0x0000000080400000, 0x0000000080400000|100%|HC|  |TAMS 0x0000000080400000, 0x0000000080300000| Complete 
|   4|0x0000000080400000, 0x0000000080500000, 0x0000000080500000|100%| O|  |TAMS 0x0000000080500000, 0x0000000080400000| Untracked 
|   5|0x0000000080500000, 0x0000000080600000, 0x0000000080600000|100%| O|  |TAMS 0x0000000080600000, 0x0000000080500000| Untracked 
|   6|0x0000000080600000, 0x0000000080700000, 0x0000000080700000|100%| O|  |TAMS 0x0000000080700000, 0x0000000080600000| Untracked 
|   7|0x0000000080700000, 0x0000000080800000, 0x0000000080800000|100%| O|  |TAMS 0x0000000080800000, 0x0000000080700000| Untracked 
|   8|0x0000000080800000, 0x0000000080900000, 0x0000000080900000|100%| O|  |TAMS 0x0000000080900000, 0x0000000080800000| Untracked 
|   9|0x0000000080900000, 0x0000000080a00000, 0x0000000080a00000|100%| O|  |TAMS 0x0000000080a00000, 0x0000000080900000| Untracked 
|  10|0x0000000080a00000, 0x0000000080b00000, 0x0000000080b00000|100%| O|  |TAMS 0x0000000080b00000, 0x0000000080a00000| Untracked 
|  11|0x0000000080b00000, 0x0000000080b00000, 0x0000000080c00000|  0%| F|  |TAMS 0x0000000080b00000, 0x0000000080b00000| Untracked 
|  12|0x0000000080c00000, 0x0000000080d00000, 0x0000000080d00000|100%| O|  |TAMS 0x0000000080d00000, 0x0000000080c00000| Untracked 
|  13|0x0000000080d00000, 0x0000000080e00000, 0x0000000080e00000|100%| O|  |TAMS 0x0000000080e00000, 0x0000000080d00000| Untracked 
|  14|0x0000000080e00000, 0x0000000080f00000, 0x0000000080f00000|100%| O|  |TAMS 0x0000000080f00000, 0x0000000080e00000| Untracked 
|  15|0x0000000080f00000, 0x0000000081000000, 0x0000000081000000|100%| O|  |TAMS 0x0000000081000000, 0x0000000080f00000| Untracked 
|  16|0x0000000081000000, 0x0000000081100000, 0x0000000081100000|100%| O|  |TAMS 0x0000000081100000, 0x0000000081000000| Untracked 
|  17|0x0000000081100000, 0x0000000081200000, 0x0000000081200000|100%| O|  |TAMS 0x0000000081200000, 0x0000000081100000| Untracked 
|  18|0x0000000081200000, 0x0000000081300000, 0x0000000081300000|100%| O|  |TAMS 0x0000000081300000, 0x0000000081200000| Untracked 
|  19|0x0000000081300000, 0x0000000081400000, 0x0000000081400000|100%| O|  |TAMS 0x0000000081400000, 0x0000000081300000| Untracked 
|  20|0x0000000081400000, 0x0000000081500000, 0x0000000081500000|100%| O|  |TAMS 0x0000000081500000, 0x0000000081400000| Untracked 
|  21|0x0000000081500000, 0x0000000081600000, 0x0000000081600000|100%| O|  |TAMS 0x0000000081600000, 0x0000000081500000| Untracked 
|  22|0x0000000081600000, 0x0000000081700000, 0x0000000081700000|100%| O|  |TAMS 0x0000000081700000, 0x0000000081600000| Untracked 
|  23|0x0000000081700000, 0x0000000081800000, 0x0000000081800000|100%| O|  |TAMS 0x0000000081700000, 0x0000000081700000| Untracked 
|  24|0x0000000081800000, 0x0000000081900000, 0x0000000081900000|100%| O|  |TAMS 0x0000000081900000, 0x0000000081800000| Untracked 
|  25|0x0000000081900000, 0x0000000081a00000, 0x0000000081a00000|100%| O|  |TAMS 0x0000000081a00000, 0x0000000081900000| Untracked 
|  26|0x0000000081a00000, 0x0000000081b00000, 0x0000000081b00000|100%| O|  |TAMS 0x0000000081b00000, 0x0000000081a00000| Untracked 
|  27|0x0000000081b00000, 0x0000000081c00000, 0x0000000081c00000|100%| O|  |TAMS 0x0000000081c00000, 0x0000000081b00000| Untracked 
|  28|0x0000000081c00000, 0x0000000081d00000, 0x0000000081d00000|100%| O|  |TAMS 0x0000000081d00000, 0x0000000081c00000| Untracked 
|  29|0x0000000081d00000, 0x0000000081e00000, 0x0000000081e00000|100%| O|  |TAMS 0x0000000081e00000, 0x0000000081d00000| Untracked 
|  30|0x0000000081e00000, 0x0000000081f00000, 0x0000000081f00000|100%| O|  |TAMS 0x0000000081f00000, 0x0000000081e00000| Untracked 
|  31|0x0000000081f00000, 0x0000000082000000, 0x0000000082000000|100%| O|  |TAMS 0x0000000082000000, 0x0000000081f00000| Untracked 
|  32|0x0000000082000000, 0x0000000082100000, 0x0000000082100000|100%| O|  |TAMS 0x0000000082100000, 0x0000000082000000| Untracked 
|  33|0x0000000082100000, 0x0000000082200000, 0x0000000082200000|100%| O|  |TAMS 0x0000000082200000, 0x0000000082100000| Untracked 
|  34|0x0000000082200000, 0x0000000082300000, 0x0000000082300000|100%|HS|  |TAMS 0x0000000082300000, 0x0000000082200000| Complete 
|  35|0x0000000082300000, 0x0000000082400000, 0x0000000082400000|100%|HS|  |TAMS 0x0000000082400000, 0x0000000082300000| Complete 
|  36|0x0000000082400000, 0x0000000082500000, 0x0000000082500000|100%| O|  |TAMS 0x0000000082500000, 0x0000000082400000| Untracked 
|  37|0x0000000082500000, 0x0000000082600000, 0x0000000082600000|100%| O|  |TAMS 0x0000000082600000, 0x0000000082500000| Untracked 
|  38|0x0000000082600000, 0x0000000082700000, 0x0000000082700000|100%| O|  |TAMS 0x0000000082700000, 0x0000000082600000| Untracked 
|  39|0x0000000082700000, 0x0000000082800000, 0x0000000082800000|100%| O|  |TAMS 0x0000000082800000, 0x0000000082700000| Untracked 
|  40|0x0000000082800000, 0x0000000082900000, 0x0000000082900000|100%| O|  |TAMS 0x0000000082900000, 0x0000000082800000| Untracked 
|  41|0x0000000082900000, 0x0000000082a00000, 0x0000000082a00000|100%| O|  |TAMS 0x0000000082a00000, 0x0000000082900000| Untracked 
|  42|0x0000000082a00000, 0x0000000082b00000, 0x0000000082b00000|100%| O|  |TAMS 0x0000000082b00000, 0x0000000082a00000| Untracked 
|  43|0x0000000082b00000, 0x0000000082c00000, 0x0000000082c00000|100%| O|  |TAMS 0x0000000082c00000, 0x0000000082b00000| Untracked 
|  44|0x0000000082c00000, 0x0000000082d00000, 0x0000000082d00000|100%| O|  |TAMS 0x0000000082d00000, 0x0000000082c00000| Untracked 
|  45|0x0000000082d00000, 0x0000000082e00000, 0x0000000082e00000|100%| O|  |TAMS 0x0000000082e00000, 0x0000000082d00000| Untracked 
|  46|0x0000000082e00000, 0x0000000082f00000, 0x0000000082f00000|100%| O|  |TAMS 0x0000000082f00000, 0x0000000082e00000| Untracked 
|  47|0x0000000082f00000, 0x0000000083000000, 0x0000000083000000|100%| O|  |TAMS 0x0000000083000000, 0x0000000082f00000| Untracked 
|  48|0x0000000083000000, 0x0000000083100000, 0x0000000083100000|100%| O|  |TAMS 0x0000000083100000, 0x0000000083000000| Untracked 
|  49|0x0000000083100000, 0x0000000083200000, 0x0000000083200000|100%| O|  |TAMS 0x0000000083200000, 0x0000000083100000| Untracked 
|  50|0x0000000083200000, 0x0000000083300000, 0x0000000083300000|100%| O|  |TAMS 0x0000000083234000, 0x0000000083200000| Untracked 
|  51|0x0000000083300000, 0x0000000083400000, 0x0000000083400000|100%| O|  |TAMS 0x0000000083300000, 0x0000000083300000| Untracked 
|  52|0x0000000083400000, 0x0000000083500000, 0x0000000083500000|100%| O|  |TAMS 0x0000000083400000, 0x0000000083400000| Untracked 
|  53|0x0000000083500000, 0x00000000835eea00, 0x0000000083600000| 93%| O|  |TAMS 0x0000000083500000, 0x0000000083500000| Untracked 
|  54|0x0000000083600000, 0x0000000083600000, 0x0000000083700000|  0%| F|  |TAMS 0x0000000083600000, 0x0000000083600000| Untracked 
|  55|0x0000000083700000, 0x0000000083700000, 0x0000000083800000|  0%| F|  |TAMS 0x0000000083700000, 0x0000000083700000| Untracked 
|  56|0x0000000083800000, 0x0000000083800000, 0x0000000083900000|  0%| F|  |TAMS 0x0000000083800000, 0x0000000083800000| Untracked 
|  57|0x0000000083900000, 0x0000000083900000, 0x0000000083a00000|  0%| F|  |TAMS 0x0000000083900000, 0x0000000083900000| Untracked 
|  58|0x0000000083a00000, 0x0000000083a00000, 0x0000000083b00000|  0%| F|  |TAMS 0x0000000083a00000, 0x0000000083a00000| Untracked 
|  59|0x0000000083b00000, 0x0000000083b00000, 0x0000000083c00000|  0%| F|  |TAMS 0x0000000083b00000, 0x0000000083b00000| Untracked 
|  60|0x0000000083c00000, 0x0000000083c00000, 0x0000000083d00000|  0%| F|  |TAMS 0x0000000083c00000, 0x0000000083c00000| Untracked 
|  61|0x0000000083d00000, 0x0000000083d00000, 0x0000000083e00000|  0%| F|  |TAMS 0x0000000083d00000, 0x0000000083d00000| Untracked 
|  62|0x0000000083e00000, 0x0000000083e00000, 0x0000000083f00000|  0%| F|  |TAMS 0x0000000083e00000, 0x0000000083e00000| Untracked 
|  63|0x0000000083f00000, 0x0000000083f00000, 0x0000000084000000|  0%| F|  |TAMS 0x0000000083f00000, 0x0000000083f00000| Untracked 
|  64|0x0000000084000000, 0x0000000084000000, 0x0000000084100000|  0%| F|  |TAMS 0x0000000084000000, 0x0000000084000000| Untracked 
|  65|0x0000000084100000, 0x0000000084100000, 0x0000000084200000|  0%| F|  |TAMS 0x0000000084100000, 0x0000000084100000| Untracked 
|  66|0x0000000084200000, 0x0000000084200000, 0x0000000084300000|  0%| F|  |TAMS 0x0000000084200000, 0x0000000084200000| Untracked 
|  67|0x0000000084300000, 0x0000000084300000, 0x0000000084400000|  0%| F|  |TAMS 0x0000000084300000, 0x0000000084300000| Untracked 
|  68|0x0000000084400000, 0x0000000084400000, 0x0000000084500000|  0%| F|  |TAMS 0x0000000084400000, 0x0000000084400000| Untracked 
|  69|0x0000000084500000, 0x0000000084500000, 0x0000000084600000|  0%| F|  |TAMS 0x0000000084500000, 0x0000000084500000| Untracked 
|  70|0x0000000084600000, 0x0000000084600000, 0x0000000084700000|  0%| F|  |TAMS 0x0000000084600000, 0x0000000084600000| Untracked 
|  71|0x0000000084700000, 0x0000000084700000, 0x0000000084800000|  0%| F|  |TAMS 0x0000000084700000, 0x0000000084700000| Untracked 
|  72|0x0000000084800000, 0x0000000084800000, 0x0000000084900000|  0%| F|  |TAMS 0x0000000084800000, 0x0000000084800000| Untracked 
|  73|0x0000000084900000, 0x0000000084900000, 0x0000000084a00000|  0%| F|  |TAMS 0x0000000084900000, 0x0000000084900000| Untracked 
|  74|0x0000000084a00000, 0x0000000084a00000, 0x0000000084b00000|  0%| F|  |TAMS 0x0000000084a00000, 0x0000000084a00000| Untracked 
|  75|0x0000000084b00000, 0x0000000084b00000, 0x0000000084c00000|  0%| F|  |TAMS 0x0000000084b00000, 0x0000000084b00000| Untracked 
|  76|0x0000000084c00000, 0x0000000084c00000, 0x0000000084d00000|  0%| F|  |TAMS 0x0000000084c00000, 0x0000000084c00000| Untracked 
|  77|0x0000000084d00000, 0x0000000084d00000, 0x0000000084e00000|  0%| F|  |TAMS 0x0000000084d00000, 0x0000000084d00000| Untracked 
|  78|0x0000000084e00000, 0x0000000084e00000, 0x0000000084f00000|  0%| F|  |TAMS 0x0000000084e00000, 0x0000000084e00000| Untracked 
|  79|0x0000000084f00000, 0x0000000084f00000, 0x0000000085000000|  0%| F|  |TAMS 0x0000000084f00000, 0x0000000084f00000| Untracked 
|  80|0x0000000085000000, 0x0000000085000000, 0x0000000085100000|  0%| F|  |TAMS 0x0000000085000000, 0x0000000085000000| Untracked 
|  81|0x0000000085100000, 0x0000000085100000, 0x0000000085200000|  0%| F|  |TAMS 0x0000000085100000, 0x0000000085100000| Untracked 
|  82|0x0000000085200000, 0x0000000085200000, 0x0000000085300000|  0%| F|  |TAMS 0x0000000085200000, 0x0000000085200000| Untracked 
|  83|0x0000000085300000, 0x0000000085300000, 0x0000000085400000|  0%| F|  |TAMS 0x0000000085300000, 0x0000000085300000| Untracked 
|  84|0x0000000085400000, 0x0000000085400000, 0x0000000085500000|  0%| F|  |TAMS 0x0000000085400000, 0x0000000085400000| Untracked 
|  85|0x0000000085500000, 0x0000000085500000, 0x0000000085600000|  0%| F|  |TAMS 0x0000000085500000, 0x0000000085500000| Untracked 
|  86|0x0000000085600000, 0x0000000085600000, 0x0000000085700000|  0%| F|  |TAMS 0x0000000085600000, 0x0000000085600000| Untracked 
|  87|0x0000000085700000, 0x0000000085713a40, 0x0000000085800000|  7%| S|CS|TAMS 0x0000000085700000, 0x0000000085700000| Complete 
|  88|0x0000000085800000, 0x0000000085900000, 0x0000000085900000|100%| S|CS|TAMS 0x0000000085800000, 0x0000000085800000| Complete 
|  89|0x0000000085900000, 0x0000000085a00000, 0x0000000085a00000|100%| S|CS|TAMS 0x0000000085900000, 0x0000000085900000| Complete 
|  90|0x0000000085a00000, 0x0000000085b00000, 0x0000000085b00000|100%| S|CS|TAMS 0x0000000085a00000, 0x0000000085a00000| Complete 
|  91|0x0000000085b00000, 0x0000000085b00000, 0x0000000085c00000|  0%| F|  |TAMS 0x0000000085b00000, 0x0000000085b00000| Untracked 
|  92|0x0000000085c00000, 0x0000000085c00000, 0x0000000085d00000|  0%| F|  |TAMS 0x0000000085c00000, 0x0000000085c00000| Untracked 
|  93|0x0000000085d00000, 0x0000000085d00000, 0x0000000085e00000|  0%| F|  |TAMS 0x0000000085d00000, 0x0000000085d00000| Untracked 
|  94|0x0000000085e00000, 0x0000000085e00000, 0x0000000085f00000|  0%| F|  |TAMS 0x0000000085e00000, 0x0000000085e00000| Untracked 
|  95|0x0000000085f00000, 0x0000000085f00000, 0x0000000086000000|  0%| F|  |TAMS 0x0000000085f00000, 0x0000000085f00000| Untracked 
|  96|0x0000000086000000, 0x0000000086000000, 0x0000000086100000|  0%| F|  |TAMS 0x0000000086000000, 0x0000000086000000| Untracked 
|  97|0x0000000086100000, 0x0000000086100000, 0x0000000086200000|  0%| F|  |TAMS 0x0000000086100000, 0x0000000086100000| Untracked 
|  98|0x0000000086200000, 0x0000000086200000, 0x0000000086300000|  0%| F|  |TAMS 0x0000000086200000, 0x0000000086200000| Untracked 
|  99|0x0000000086300000, 0x0000000086300000, 0x0000000086400000|  0%| F|  |TAMS 0x0000000086300000, 0x0000000086300000| Untracked 
| 100|0x0000000086400000, 0x0000000086400000, 0x0000000086500000|  0%| F|  |TAMS 0x0000000086400000, 0x0000000086400000| Untracked 
| 101|0x0000000086500000, 0x0000000086500000, 0x0000000086600000|  0%| F|  |TAMS 0x0000000086500000, 0x0000000086500000| Untracked 
| 102|0x0000000086600000, 0x0000000086600000, 0x0000000086700000|  0%| F|  |TAMS 0x0000000086600000, 0x0000000086600000| Untracked 
| 103|0x0000000086700000, 0x0000000086700000, 0x0000000086800000|  0%| F|  |TAMS 0x0000000086700000, 0x0000000086700000| Untracked 
| 104|0x0000000086800000, 0x0000000086800000, 0x0000000086900000|  0%| F|  |TAMS 0x0000000086800000, 0x0000000086800000| Untracked 
| 105|0x0000000086900000, 0x0000000086900000, 0x0000000086a00000|  0%| F|  |TAMS 0x0000000086900000, 0x0000000086900000| Untracked 
| 106|0x0000000086a00000, 0x0000000086a00000, 0x0000000086b00000|  0%| F|  |TAMS 0x0000000086a00000, 0x0000000086a00000| Untracked 
| 107|0x0000000086b00000, 0x0000000086b00000, 0x0000000086c00000|  0%| F|  |TAMS 0x0000000086b00000, 0x0000000086b00000| Untracked 
| 108|0x0000000086c00000, 0x0000000086d00000, 0x0000000086d00000|100%| E|  |TAMS 0x0000000086c00000, 0x0000000086c00000| Complete 
| 109|0x0000000086d00000, 0x0000000086e00000, 0x0000000086e00000|100%| E|CS|TAMS 0x0000000086d00000, 0x0000000086d00000| Complete 
| 110|0x0000000086e00000, 0x0000000086f00000, 0x0000000086f00000|100%| E|CS|TAMS 0x0000000086e00000, 0x0000000086e00000| Complete 
| 111|0x0000000086f00000, 0x0000000087000000, 0x0000000087000000|100%| E|CS|TAMS 0x0000000086f00000, 0x0000000086f00000| Complete 
| 112|0x0000000087000000, 0x0000000087100000, 0x0000000087100000|100%| E|CS|TAMS 0x0000000087000000, 0x0000000087000000| Complete 
| 113|0x0000000087100000, 0x0000000087200000, 0x0000000087200000|100%| E|CS|TAMS 0x0000000087100000, 0x0000000087100000| Complete 
| 114|0x0000000087200000, 0x0000000087300000, 0x0000000087300000|100%| E|CS|TAMS 0x0000000087200000, 0x0000000087200000| Complete 
| 202|0x000000008ca00000, 0x000000008cb00000, 0x000000008cb00000|100%| E|CS|TAMS 0x000000008ca00000, 0x000000008ca00000| Complete 
| 203|0x000000008cb00000, 0x000000008cc00000, 0x000000008cc00000|100%| E|CS|TAMS 0x000000008cb00000, 0x000000008cb00000| Complete 
| 204|0x000000008cc00000, 0x000000008cd00000, 0x000000008cd00000|100%| E|CS|TAMS 0x000000008cc00000, 0x000000008cc00000| Complete 
| 205|0x000000008cd00000, 0x000000008ce00000, 0x000000008ce00000|100%| E|CS|TAMS 0x000000008cd00000, 0x000000008cd00000| Complete 
| 206|0x000000008ce00000, 0x000000008cf00000, 0x000000008cf00000|100%| E|CS|TAMS 0x000000008ce00000, 0x000000008ce00000| Complete 
| 207|0x000000008cf00000, 0x000000008d000000, 0x000000008d000000|100%| E|CS|TAMS 0x000000008cf00000, 0x000000008cf00000| Complete 
| 208|0x000000008d000000, 0x000000008d100000, 0x000000008d100000|100%| E|CS|TAMS 0x000000008d000000, 0x000000008d000000| Complete 
| 209|0x000000008d100000, 0x000000008d200000, 0x000000008d200000|100%| E|CS|TAMS 0x000000008d100000, 0x000000008d100000| Complete 
| 210|0x000000008d200000, 0x000000008d300000, 0x000000008d300000|100%| E|CS|TAMS 0x000000008d200000, 0x000000008d200000| Complete 
| 253|0x000000008fd00000, 0x000000008fe00000, 0x000000008fe00000|100%| E|CS|TAMS 0x000000008fd00000, 0x000000008fd00000| Complete 

Card table byte_map: [0x000001f224040000,0x000001f224440000] _byte_map_base: 0x000001f223c40000

Marking Bits (Prev, Next): (CMBitMap*) 0x000001f2114a1310, (CMBitMap*) 0x000001f2114a12d0
 Prev Bits: [0x000001f226840000, 0x000001f228840000)
 Next Bits: [0x000001f224840000, 0x000001f226840000)

Polling page: 0x000001f20f430000

Metaspace:

Usage:
  Non-class:     58.71 MB used.
      Class:      8.94 MB used.
       Both:     67.65 MB used.

Virtual space:
  Non-class space:       64.00 MB reserved,      59.00 MB ( 92%) committed,  8 nodes.
      Class space:        1.00 GB reserved,       9.19 MB ( <1%) committed,  1 nodes.
             Both:        1.06 GB reserved,      68.19 MB (  6%) committed. 

Chunk freelists:
   Non-Class:  528.00 KB
       Class:  2.73 MB
        Both:  3.25 MB

MaxMetaspaceSize: unlimited
CompressedClassSpaceSize: 1.00 GB
Initial GC threshold: 21.00 MB
Current GC threshold: 106.56 MB
CDS: off
MetaspaceReclaimPolicy: balanced
 - commit_granule_bytes: 65536.
 - commit_granule_words: 8192.
 - virtual_space_node_default_size: 1048576.
 - enlarge_chunks_in_place: 1.
 - new_chunks_are_fully_committed: 0.
 - uncommit_free_chunks: 1.
 - use_allocation_guard: 0.
 - handle_deallocations: 1.


Internal statistics:

num_allocs_failed_limit: 6.
num_arena_births: 620.
num_arena_deaths: 0.
num_vsnodes_births: 9.
num_vsnodes_deaths: 0.
num_space_committed: 1091.
num_space_uncommitted: 0.
num_chunks_returned_to_freelist: 6.
num_chunks_taken_from_freelist: 2911.
num_chunk_merges: 6.
num_chunk_splits: 1954.
num_chunks_enlarged: 1340.
num_purges: 0.
num_inconsistent_stats: 0.

CodeHeap 'non-profiled nmethods': size=120000Kb used=3806Kb max_used=3806Kb free=116193Kb
 bounds [0x000001f21c3e0000, 0x000001f21c7a0000, 0x000001f223910000]
CodeHeap 'profiled nmethods': size=120000Kb used=12065Kb max_used=12065Kb free=107934Kb
 bounds [0x000001f214910000, 0x000001f2154e0000, 0x000001f21be40000]
CodeHeap 'non-nmethods': size=5760Kb used=2358Kb max_used=2443Kb free=3401Kb
 bounds [0x000001f21be40000, 0x000001f21c0b0000, 0x000001f21c3e0000]
 total_blobs=7136 nmethods=6252 adapters=794
 compilation: enabled
              stopped_count=0, restarted_count=0
 full_count=0

Compilation events (20 events):
Event: 6.827 Thread 0x000001f22bc3b4a0 nmethod 7041 0x000001f2154d3610 code [0x000001f2154d37c0, 0x000001f2154d39c8]
Event: 6.827 Thread 0x000001f22bc3b4a0 7042       3       org.gradle.api.internal.attributes.DefaultMutableAttributeContainer::assertAttributeTypeIsValid (53 bytes)
Event: 6.827 Thread 0x000001f22bc3b4a0 nmethod 7042 0x000001f2154d3a90 code [0x000001f2154d3d60, 0x000001f2154d4e08]
Event: 6.827 Thread 0x000001f22bc3b4a0 7043       3       org.gradle.api.internal.attributes.DefaultMutableAttributeContainer::removeLazyAttributeIfPresent (25 bytes)
Event: 6.828 Thread 0x000001f22bc3b4a0 nmethod 7043 0x000001f2154d5390 code [0x000001f2154d5540, 0x000001f2154d5818]
Event: 6.828 Thread 0x000001f22bc3b4a0 7047       3       com.google.common.collect.NullnessCasts::uncheckedCastNullableTToT (2 bytes)
Event: 6.828 Thread 0x000001f22bc3b4a0 nmethod 7047 0x000001f214f69790 code [0x000001f214f69920, 0x000001f214f69a18]
Event: 6.828 Thread 0x000001f22bc3b4a0 7048       3       com.google.common.cache.LocalCache$StrongEntry::<init> (27 bytes)
Event: 6.828 Thread 0x000001f22bc3b4a0 nmethod 7048 0x000001f2154d5910 code [0x000001f2154d5ac0, 0x000001f2154d5e18]
Event: 6.828 Thread 0x000001f22bc3b4a0 7046       1       org.gradle.api.internal.project.DefaultProjectStateRegistry::access$300 (5 bytes)
Event: 6.828 Thread 0x000001f22bc3b4a0 nmethod 7046 0x000001f21c795c90 code [0x000001f21c795e20, 0x000001f21c795ed8]
Event: 6.828 Thread 0x000001f22c468020 nmethod 7035 0x000001f21c795f90 code [0x000001f21c796120, 0x000001f21c796458]
Event: 6.828 Thread 0x000001f22c468020 7049       4       java.lang.ThreadLocal::get (38 bytes)
Event: 6.829 Thread 0x000001f22bc3b4a0 7050       3       org.apache.commons.lang.StringUtils::containsAny (128 bytes)
Event: 6.830 Thread 0x000001f22bc3b4a0 nmethod 7050 0x000001f2154d5f10 code [0x000001f2154d6220, 0x000001f2154d75e8]
Event: 6.830 Thread 0x000001f22bc3b4a0 7052       3       com.google.common.collect.AbstractIterator::next (37 bytes)
Event: 6.830 Thread 0x000001f22bc3b4a0 nmethod 7052 0x000001f2154d7e10 code [0x000001f2154d7fe0, 0x000001f2154d8338]
Event: 6.831 Thread 0x000001f22c468020 nmethod 7049 0x000001f21c796590 code [0x000001f21c796740, 0x000001f21c7969f0]
Event: 6.831 Thread 0x000001f22c468020 7051       4       org.gradle.internal.instantiation.generator.ParamsMatchingConstructorSelector::vetoParameters (1 bytes)
Event: 6.832 Thread 0x000001f22c468020 nmethod 7051 0x000001f21c796d10 code [0x000001f21c796e80, 0x000001f21c796ef8]

GC Heap History (20 events):
Event: 5.161 GC heap before
{Heap before GC invocations=13 (full 0):
 garbage-first heap   total 86016K, used 68620K [0x0000000080000000, 0x0000000100000000)
  region size 1024K, 33 young (33792K), 4 survivors (4096K)
 Metaspace       used 54155K, committed 54656K, reserved 1097728K
  class space    used 7147K, committed 7360K, reserved 1048576K
}
Event: 5.165 GC heap after
{Heap after GC invocations=14 (full 0):
 garbage-first heap   total 86016K, used 44937K [0x0000000080000000, 0x0000000100000000)
  region size 1024K, 5 young (5120K), 5 survivors (5120K)
 Metaspace       used 54155K, committed 54656K, reserved 1097728K
  class space    used 7147K, committed 7360K, reserved 1048576K
}
Event: 5.452 GC heap before
{Heap before GC invocations=14 (full 0):
 garbage-first heap   total 86016K, used 66441K [0x0000000080000000, 0x0000000100000000)
  region size 1024K, 26 young (26624K), 5 survivors (5120K)
 Metaspace       used 57767K, committed 58240K, reserved 1105920K
  class space    used 7590K, committed 7808K, reserved 1048576K
}
Event: 5.456 GC heap after
{Heap after GC invocations=15 (full 0):
 garbage-first heap   total 86016K, used 46306K [0x0000000080000000, 0x0000000100000000)
  region size 1024K, 1 young (1024K), 1 survivors (1024K)
 Metaspace       used 57767K, committed 58240K, reserved 1105920K
  class space    used 7590K, committed 7808K, reserved 1048576K
}
Event: 5.773 GC heap before
{Heap before GC invocations=16 (full 0):
 garbage-first heap   total 86016K, used 68834K [0x0000000080000000, 0x0000000100000000)
  region size 1024K, 23 young (23552K), 1 survivors (1024K)
 Metaspace       used 62093K, committed 62592K, reserved 1105920K
  class space    used 8190K, committed 8448K, reserved 1048576K
}
Event: 5.776 GC heap after
{Heap after GC invocations=17 (full 0):
 garbage-first heap   total 86016K, used 48714K [0x0000000080000000, 0x0000000100000000)
  region size 1024K, 3 young (3072K), 3 survivors (3072K)
 Metaspace       used 62093K, committed 62592K, reserved 1105920K
  class space    used 8190K, committed 8448K, reserved 1048576K
}
Event: 5.796 GC heap before
{Heap before GC invocations=17 (full 0):
 garbage-first heap   total 86016K, used 48714K [0x0000000080000000, 0x0000000100000000)
  region size 1024K, 4 young (4096K), 3 survivors (3072K)
 Metaspace       used 62145K, committed 62656K, reserved 1105920K
  class space    used 8196K, committed 8448K, reserved 1048576K
}
Event: 5.799 GC heap after
{Heap after GC invocations=18 (full 0):
 garbage-first heap   total 86016K, used 48931K [0x0000000080000000, 0x0000000100000000)
  region size 1024K, 1 young (1024K), 1 survivors (1024K)
 Metaspace       used 62145K, committed 62656K, reserved 1105920K
  class space    used 8196K, committed 8448K, reserved 1048576K
}
Event: 5.883 GC heap before
{Heap before GC invocations=19 (full 0):
 garbage-first heap   total 106496K, used 67363K [0x0000000080000000, 0x0000000100000000)
  region size 1024K, 14 young (14336K), 1 survivors (1024K)
 Metaspace       used 62386K, committed 62848K, reserved 1105920K
  class space    used 8220K, committed 8448K, reserved 1048576K
}
Event: 5.884 GC heap after
{Heap after GC invocations=20 (full 0):
 garbage-first heap   total 106496K, used 50553K [0x0000000080000000, 0x0000000100000000)
  region size 1024K, 2 young (2048K), 2 survivors (2048K)
 Metaspace       used 62386K, committed 62848K, reserved 1105920K
  class space    used 8220K, committed 8448K, reserved 1048576K
}
Event: 5.913 GC heap before
{Heap before GC invocations=20 (full 0):
 garbage-first heap   total 106496K, used 53625K [0x0000000080000000, 0x0000000100000000)
  region size 1024K, 5 young (5120K), 2 survivors (2048K)
 Metaspace       used 62741K, committed 63232K, reserved 1105920K
  class space    used 8293K, committed 8512K, reserved 1048576K
}
Event: 5.914 GC heap after
{Heap after GC invocations=21 (full 0):
 garbage-first heap   total 106496K, used 50098K [0x0000000080000000, 0x0000000100000000)
  region size 1024K, 1 young (1024K), 1 survivors (1024K)
 Metaspace       used 62741K, committed 63232K, reserved 1105920K
  class space    used 8293K, committed 8512K, reserved 1048576K
}
Event: 6.184 GC heap before
{Heap before GC invocations=21 (full 0):
 garbage-first heap   total 106496K, used 71602K [0x0000000080000000, 0x0000000100000000)
  region size 1024K, 22 young (22528K), 1 survivors (1024K)
 Metaspace       used 64896K, committed 65408K, reserved 1105920K
  class space    used 8540K, committed 8768K, reserved 1048576K
}
Event: 6.186 GC heap after
{Heap after GC invocations=22 (full 0):
 garbage-first heap   total 106496K, used 51357K [0x0000000080000000, 0x0000000100000000)
  region size 1024K, 2 young (2048K), 2 survivors (2048K)
 Metaspace       used 64896K, committed 65408K, reserved 1105920K
  class space    used 8540K, committed 8768K, reserved 1048576K
}
Event: 6.424 GC heap before
{Heap before GC invocations=23 (full 0):
 garbage-first heap   total 106496K, used 73885K [0x0000000080000000, 0x0000000100000000)
  region size 1024K, 24 young (24576K), 2 survivors (2048K)
 Metaspace       used 66844K, committed 67328K, reserved 1114112K
  class space    used 8775K, committed 9024K, reserved 1048576K
}
Event: 6.427 GC heap after
{Heap after GC invocations=24 (full 0):
 garbage-first heap   total 106496K, used 54188K [0x0000000080000000, 0x0000000100000000)
  region size 1024K, 3 young (3072K), 3 survivors (3072K)
 Metaspace       used 66844K, committed 67328K, reserved 1114112K
  class space    used 8775K, committed 9024K, reserved 1048576K
}
Event: 6.452 GC heap before
{Heap before GC invocations=24 (full 0):
 garbage-first heap   total 106496K, used 56236K [0x0000000080000000, 0x0000000100000000)
  region size 1024K, 5 young (5120K), 3 survivors (3072K)
 Metaspace       used 67044K, committed 67520K, reserved 1114112K
  class space    used 8813K, committed 9024K, reserved 1048576K
}
Event: 6.457 GC heap after
{Heap after GC invocations=25 (full 0):
 garbage-first heap   total 128000K, used 54721K [0x0000000080000000, 0x0000000100000000)
  region size 1024K, 1 young (1024K), 1 survivors (1024K)
 Metaspace       used 67044K, committed 67520K, reserved 1114112K
  class space    used 8813K, committed 9024K, reserved 1048576K
}
Event: 6.648 GC heap before
{Heap before GC invocations=25 (full 0):
 garbage-first heap   total 128000K, used 88513K [0x0000000080000000, 0x0000000100000000)
  region size 1024K, 34 young (34816K), 1 survivors (1024K)
 Metaspace       used 67300K, committed 67840K, reserved 1114112K
  class space    used 8866K, committed 9088K, reserved 1048576K
}
Event: 6.651 GC heap after
{Heap after GC invocations=26 (full 0):
 garbage-first heap   total 128000K, used 57353K [0x0000000080000000, 0x0000000100000000)
  region size 1024K, 4 young (4096K), 4 survivors (4096K)
 Metaspace       used 67300K, committed 67840K, reserved 1114112K
  class space    used 8866K, committed 9088K, reserved 1048576K
}

Dll operation events (2 events):
Event: 0.011 Loaded shared library E:\APP\Android studio\jbr\bin\java.dll
Event: 0.275 Loaded shared library E:\APP\Android studio\jbr\bin\verify.dll

Deoptimization events (20 events):
Event: 6.462 Thread 0x000001f22bf071a0 Uncommon trap: trap_request=0xffffff45 fr.pc=0x000001f21c5ecc88 relative=0x0000000000001748
Event: 6.462 Thread 0x000001f22bf071a0 Uncommon trap: reason=unstable_if action=reinterpret pc=0x000001f21c5ecc88 method=java.util.concurrent.ConcurrentHashMap.computeIfAbsent(Ljava/lang/Object;Ljava/util/function/Function;)Ljava/lang/Object; @ 364 c2
Event: 6.462 Thread 0x000001f22bf071a0 DEOPT PACKING pc=0x000001f21c5ecc88 sp=0x00000096703f7800
Event: 6.462 Thread 0x000001f22bf071a0 DEOPT UNPACKING pc=0x000001f21be969a3 sp=0x00000096703f7778 mode 2
Event: 6.568 Thread 0x000001f22bf071a0 Uncommon trap: trap_request=0xfffffff4 fr.pc=0x000001f21c7637b0 relative=0x0000000000000a10
Event: 6.568 Thread 0x000001f22bf071a0 Uncommon trap: reason=null_check action=make_not_entrant pc=0x000001f21c7637b0 method=com.sun.beans.introspect.MethodInfo$MethodOrder.compare(Ljava/lang/reflect/Method;Ljava/lang/reflect/Method;)I @ 133 c2
Event: 6.568 Thread 0x000001f22bf071a0 DEOPT PACKING pc=0x000001f21c7637b0 sp=0x00000096703f4d60
Event: 6.568 Thread 0x000001f22bf071a0 DEOPT UNPACKING pc=0x000001f21be969a3 sp=0x00000096703f4c90 mode 2
Event: 6.568 Thread 0x000001f22bf071a0 Uncommon trap: trap_request=0xfffffff4 fr.pc=0x000001f21c765248 relative=0x00000000000009c8
Event: 6.568 Thread 0x000001f22bf071a0 Uncommon trap: reason=null_check action=make_not_entrant pc=0x000001f21c765248 method=com.sun.beans.introspect.MethodInfo$MethodOrder.compare(Ljava/lang/reflect/Method;Ljava/lang/reflect/Method;)I @ 133 c2
Event: 6.568 Thread 0x000001f22bf071a0 DEOPT PACKING pc=0x000001f21c765248 sp=0x00000096703f4cd0
Event: 6.568 Thread 0x000001f22bf071a0 DEOPT UNPACKING pc=0x000001f21be969a3 sp=0x00000096703f4c88 mode 2
Event: 6.586 Thread 0x000001f22bf071a0 DEOPT PACKING pc=0x000001f214e81fb0 sp=0x00000096703f4630
Event: 6.586 Thread 0x000001f22bf071a0 DEOPT UNPACKING pc=0x000001f21be97143 sp=0x00000096703f3a80 mode 0
Event: 6.620 Thread 0x000001f22bf071a0 DEOPT PACKING pc=0x000001f214e81fb0 sp=0x00000096703f2fd0
Event: 6.620 Thread 0x000001f22bf071a0 DEOPT UNPACKING pc=0x000001f21be97143 sp=0x00000096703f2420 mode 0
Event: 6.790 Thread 0x000001f22bf071a0 Uncommon trap: trap_request=0xffffff45 fr.pc=0x000001f21c495aa4 relative=0x00000000000003e4
Event: 6.790 Thread 0x000001f22bf071a0 Uncommon trap: reason=unstable_if action=reinterpret pc=0x000001f21c495aa4 method=java.lang.StringConcatHelper.simpleConcat(Ljava/lang/Object;Ljava/lang/Object;)Ljava/lang/String; @ 30 c2
Event: 6.790 Thread 0x000001f22bf071a0 DEOPT PACKING pc=0x000001f21c495aa4 sp=0x00000096703f8860
Event: 6.790 Thread 0x000001f22bf071a0 DEOPT UNPACKING pc=0x000001f21be969a3 sp=0x00000096703f8818 mode 2

Classes unloaded (0 events):
No events

Classes redefined (0 events):
No events

Internal exceptions (20 events):
Event: 6.628 Thread 0x000001f22bf071a0 Exception <a 'java/lang/ClassNotFoundException'{0x0000000085ed8130}: com/android/builder/core/AbstractBuildTypeCustomizer> (0x0000000085ed8130) 
thrown [s\src\hotspot\share\classfile\systemDictionary.cpp, line 256]
Event: 6.629 Thread 0x000001f22bf071a0 Exception <a 'java/lang/ClassNotFoundException'{0x0000000085d02598}: com/android/build/gradle/internal/dsl/BuildTypeCustomizer> (0x0000000085d02598) 
thrown [s\src\hotspot\share\classfile\systemDictionary.cpp, line 256]
Event: 6.631 Thread 0x000001f22bf071a0 Exception <a 'java/lang/ClassNotFoundException'{0x0000000085d8acb0}: com/android/build/gradle/internal/dsl/BuildType$AgpDecoratedCustomizer> (0x0000000085d8acb0) 
thrown [s\src\hotspot\share\classfile\systemDictionary.cpp, line 256]
Event: 6.633 Thread 0x000001f22bf071a0 Exception <a 'java/lang/ClassNotFoundException'{0x0000000085ddd2d0}: com/android/build/gradle/internal/dsl/BuildType$AgpDecorated_DecoratedCustomizer> (0x0000000085ddd2d0) 
thrown [s\src\hotspot\share\classfile\systemDictionary.cpp, line 256]
Event: 6.638 Thread 0x000001f22bf071a0 Exception <a 'java/lang/ClassNotFoundException'{0x0000000085cba440}: build_elm09ginev72alxj8t975fx3c$_run_closure1$_closure4BeanInfo> (0x0000000085cba440) 
thrown [s\src\hotspot\share\classfile\systemDictionary.cpp, line 256]
Event: 6.638 Thread 0x000001f22bf071a0 Exception <a 'java/lang/ClassNotFoundException'{0x0000000085cc49a0}: build_elm09ginev72alxj8t975fx3c$_run_closure1$_closure4Customizer> (0x0000000085cc49a0) 
thrown [s\src\hotspot\share\classfile\systemDictionary.cpp, line 256]
Event: 6.640 Thread 0x000001f22bf071a0 Exception <a 'java/lang/ClassNotFoundException'{0x0000000085ceb0e0}: build_elm09ginev72alxj8t975fx3c$_run_closure1BeanInfo> (0x0000000085ceb0e0) 
thrown [s\src\hotspot\share\classfile\systemDictionary.cpp, line 256]
Event: 6.641 Thread 0x000001f22bf071a0 Exception <a 'java/lang/ClassNotFoundException'{0x0000000085cf5d70}: build_elm09ginev72alxj8t975fx3c$_run_closure1Customizer> (0x0000000085cf5d70) 
thrown [s\src\hotspot\share\classfile\systemDictionary.cpp, line 256]
Event: 6.644 Thread 0x000001f22bf071a0 Exception <a 'java/lang/ClassNotFoundException'{0x0000000085b30de8}: org/gradle/api/JavaVersionBeanInfo> (0x0000000085b30de8) 
thrown [s\src\hotspot\share\classfile\systemDictionary.cpp, line 256]
Event: 6.644 Thread 0x000001f22bf071a0 Exception <a 'java/lang/ClassNotFoundException'{0x0000000085b45798}: org/gradle/api/JavaVersionCustomizer> (0x0000000085b45798) 
thrown [s\src\hotspot\share\classfile\systemDictionary.cpp, line 256]
Event: 6.646 Thread 0x000001f22bf071a0 Exception <a 'java/lang/ClassNotFoundException'{0x0000000085b94178}: com/android/build/gradle/internal/CompileOptions$AgpDecorated_DecoratedBeanInfo> (0x0000000085b94178) 
thrown [s\src\hotspot\share\classfile\systemDictionary.cpp, line 256]
Event: 6.646 Thread 0x000001f22bf071a0 Exception <a 'java/lang/ClassNotFoundException'{0x0000000085ba0818}: com/android/build/gradle/internal/CompileOptions$AgpDecoratedBeanInfo> (0x0000000085ba0818) 
thrown [s\src\hotspot\share\classfile\systemDictionary.cpp, line 256]
Event: 6.647 Thread 0x000001f22bf071a0 Exception <a 'java/lang/ClassNotFoundException'{0x0000000085bacd50}: com/android/build/gradle/internal/CompileOptionsBeanInfo> (0x0000000085bacd50) 
thrown [s\src\hotspot\share\classfile\systemDictionary.cpp, line 256]
Event: 6.647 Thread 0x000001f22bf071a0 Exception <a 'java/lang/ClassNotFoundException'{0x0000000085bb9290}: com/android/build/gradle/internal/CompileOptionsCustomizer> (0x0000000085bb9290) 
thrown [s\src\hotspot\share\classfile\systemDictionary.cpp, line 256]
Event: 6.647 Thread 0x000001f22bf071a0 Exception <a 'java/lang/ClassNotFoundException'{0x0000000085bd1ef8}: com/android/build/gradle/internal/CompileOptions$AgpDecoratedCustomizer> (0x0000000085bd1ef8) 
thrown [s\src\hotspot\share\classfile\systemDictionary.cpp, line 256]
Event: 6.648 Thread 0x000001f22bf071a0 Exception <a 'java/lang/ClassNotFoundException'{0x0000000085bed890}: com/android/build/gradle/internal/CompileOptions$AgpDecorated_DecoratedCustomizer> (0x0000000085bed890) 
thrown [s\src\hotspot\share\classfile\systemDictionary.cpp, line 256]
Event: 6.659 Thread 0x000001f22bf071a0 Exception <a 'java/lang/ClassNotFoundException'{0x000000008fd67f60}: org/gradle/api/internal/artifacts/dsl/dependencies/DefaultDependencyHandler_DecoratedBeanInfo> (0x000000008fd67f60) 
thrown [s\src\hotspot\share\classfile\systemDictionary.cpp, line 256]
Event: 6.660 Thread 0x000001f22bf071a0 Exception <a 'java/lang/ClassNotFoundException'{0x000000008fd7f2d8}: org/gradle/api/internal/artifacts/dsl/dependencies/DefaultDependencyHandlerBeanInfo> (0x000000008fd7f2d8) 
thrown [s\src\hotspot\share\classfile\systemDictionary.cpp, line 256]
Event: 6.661 Thread 0x000001f22bf071a0 Exception <a 'java/lang/ClassNotFoundException'{0x000000008fd972b0}: org/gradle/api/internal/artifacts/dsl/dependencies/DefaultDependencyHandlerCustomizer> (0x000000008fd972b0) 
thrown [s\src\hotspot\share\classfile\systemDictionary.cpp, line 256]
Event: 6.663 Thread 0x000001f22bf071a0 Exception <a 'java/lang/ClassNotFoundException'{0x000000008fdd5888}: org/gradle/api/internal/artifacts/dsl/dependencies/DefaultDependencyHandler_DecoratedCustomizer> (0x000000008fdd5888) 
thrown [s\src\hotspot\share\classfile\systemDictionary.cpp, line 256]

VM Operations (20 events):
Event: 5.839 Executing VM operation: G1Concurrent
Event: 5.839 Executing VM operation: G1Concurrent done
Event: 5.883 Executing VM operation: G1CollectForAllocation
Event: 5.884 Executing VM operation: G1CollectForAllocation done
Event: 5.913 Executing VM operation: G1CollectForAllocation
Event: 5.914 Executing VM operation: G1CollectForAllocation done
Event: 6.184 Executing VM operation: G1CollectForAllocation
Event: 6.186 Executing VM operation: G1CollectForAllocation done
Event: 6.213 Executing VM operation: G1Concurrent
Event: 6.215 Executing VM operation: G1Concurrent done
Event: 6.228 Executing VM operation: G1Concurrent
Event: 6.229 Executing VM operation: G1Concurrent done
Event: 6.424 Executing VM operation: G1CollectForAllocation
Event: 6.427 Executing VM operation: G1CollectForAllocation done
Event: 6.452 Executing VM operation: G1CollectForAllocation
Event: 6.457 Executing VM operation: G1CollectForAllocation done
Event: 6.648 Executing VM operation: G1CollectForAllocation
Event: 6.651 Executing VM operation: G1CollectForAllocation done
Event: 6.691 Executing VM operation: HandshakeAllThreads
Event: 6.691 Executing VM operation: HandshakeAllThreads done

Events (20 events):
Event: 6.257 loading class javax/management/MBeanRegistrationException
Event: 6.257 loading class javax/management/MBeanRegistrationException done
Event: 6.257 loading class javax/management/NotCompliantMBeanException
Event: 6.257 loading class javax/management/NotCompliantMBeanException done
Event: 6.260 loading class com/sun/jmx/mbeanserver/StandardMBeanSupport
Event: 6.260 loading class com/sun/jmx/mbeanserver/StandardMBeanSupport done
Event: 6.260 loading class com/sun/jmx/mbeanserver/StandardMBeanIntrospector
Event: 6.260 loading class com/sun/jmx/mbeanserver/StandardMBeanIntrospector done
Event: 6.293 loading class javax/xml/stream/XMLStreamException
Event: 6.293 loading class javax/xml/stream/XMLStreamException done
Event: 6.311 loading class sun/reflect/annotation/AnnotationInvocationHandler$1
Event: 6.311 loading class sun/reflect/annotation/AnnotationInvocationHandler$1 done
Event: 6.369 loading class sun/reflect/generics/repository/FieldRepository
Event: 6.370 loading class sun/reflect/generics/repository/FieldRepository done
Event: 6.376 loading class jdk/internal/vm/annotation/ForceInline
Event: 6.376 loading class jdk/internal/vm/annotation/ForceInline done
Event: 6.415 loading class java/util/regex/Pattern$Caret
Event: 6.415 loading class java/util/regex/Pattern$Caret done
Event: 6.571 loading class java/beans/IntrospectionException
Event: 6.571 loading class java/beans/IntrospectionException done


Dynamic libraries:
0x00007ff77cf20000 - 0x00007ff77cf2a000 	E:\APP\Android studio\jbr\bin\java.exe
0x00007ffda3cf0000 - 0x00007ffda3ebf000 	C:\WINDOWS\SYSTEM32\ntdll.dll
0x00007ffda33b0000 - 0x00007ffda345d000 	C:\WINDOWS\System32\KERNEL32.DLL
0x00007ffda02e0000 - 0x00007ffda04fe000 	C:\WINDOWS\System32\KERNELBASE.dll
0x00007ffda0f90000 - 0x00007ffda1084000 	C:\WINDOWS\System32\ucrtbase.dll
0x00007ffcef060000 - 0x00007ffcef07b000 	E:\APP\Android studio\jbr\bin\VCRUNTIME140.dll
0x00007ffcedf60000 - 0x00007ffcedf77000 	E:\APP\Android studio\jbr\bin\jli.dll
0x00007ffda2fe0000 - 0x00007ffda3146000 	C:\WINDOWS\System32\USER32.dll
0x00007ffda0840000 - 0x00007ffda085e000 	C:\WINDOWS\System32\win32u.dll
0x00007ffd8dc00000 - 0x00007ffd8de7a000 	C:\WINDOWS\WinSxS\amd64_microsoft.windows.common-controls_6595b64144ccf1df_6.0.14393.4169_none_7de0bbf28341b1f2\COMCTL32.dll
0x00007ffda3630000 - 0x00007ffda3664000 	C:\WINDOWS\System32\GDI32.dll
0x00007ffda3460000 - 0x00007ffda34fe000 	C:\WINDOWS\System32\msvcrt.dll
0x00007ffda05a0000 - 0x00007ffda0724000 	C:\WINDOWS\System32\gdi32full.dll
0x00007ffda3780000 - 0x00007ffda3a46000 	C:\WINDOWS\System32\combase.dll
0x00007ffda2ec0000 - 0x00007ffda2fde000 	C:\WINDOWS\System32\RPCRT4.dll
0x00007ffda0270000 - 0x00007ffda02dc000 	C:\WINDOWS\System32\bcryptPrimitives.dll
0x00007ffda3380000 - 0x00007ffda33ae000 	C:\WINDOWS\System32\IMM32.DLL
0x00007ffcefcf0000 - 0x00007ffcefcfc000 	E:\APP\Android studio\jbr\bin\vcruntime140_1.dll
0x00007ffce7120000 - 0x00007ffce71ad000 	E:\APP\Android studio\jbr\bin\msvcp140.dll
0x00007ffcf3070000 - 0x00007ffcf3cdd000 	E:\APP\Android studio\jbr\bin\server\jvm.dll
0x00007ffda29e0000 - 0x00007ffda2a86000 	C:\WINDOWS\System32\ADVAPI32.dll
0x00007ffda3510000 - 0x00007ffda356b000 	C:\WINDOWS\System32\sechost.dll
0x00007ffd8d920000 - 0x00007ffd8d929000 	C:\WINDOWS\SYSTEM32\WSOCK32.dll
0x00007ffd9e2b0000 - 0x00007ffd9e2d3000 	C:\WINDOWS\SYSTEM32\WINMM.dll
0x00007ffd9b7f0000 - 0x00007ffd9b7fa000 	C:\WINDOWS\SYSTEM32\VERSION.dll
0x00007ffda3670000 - 0x00007ffda36da000 	C:\WINDOWS\System32\WS2_32.dll
0x000001f20f400000 - 0x000001f20f42b000 	C:\WINDOWS\SYSTEM32\WINMMBASE.dll
0x00007ffda0f40000 - 0x00007ffda0f82000 	C:\WINDOWS\System32\cfgmgr32.dll
0x00007ffda01a0000 - 0x00007ffda01af000 	C:\WINDOWS\System32\kernel.appcore.dll
0x00007ffd96340000 - 0x00007ffd9634a000 	E:\APP\Android studio\jbr\bin\jimage.dll
0x00007ffd938a0000 - 0x00007ffd93a32000 	C:\WINDOWS\SYSTEM32\DBGHELP.DLL
0x00007ffd92930000 - 0x00007ffd92959000 	C:\WINDOWS\SYSTEM32\dbgcore.DLL
0x00007ffd91d60000 - 0x00007ffd91d85000 	E:\APP\Android studio\jbr\bin\java.dll
0x00007ffd944b0000 - 0x00007ffd944c8000 	E:\APP\Android studio\jbr\bin\zip.dll
0x00007ffda1370000 - 0x00007ffda2876000 	C:\WINDOWS\System32\SHELL32.dll
0x00007ffda0860000 - 0x00007ffda0f35000 	C:\WINDOWS\System32\windows.storage.dll
0x00007ffda0150000 - 0x00007ffda019c000 	C:\WINDOWS\System32\powrprof.dll
0x00007ffda1310000 - 0x00007ffda1362000 	C:\WINDOWS\System32\shlwapi.dll
0x00007ffda01c0000 - 0x00007ffda0268000 	C:\WINDOWS\System32\shcore.dll
0x00007ffda0130000 - 0x00007ffda0144000 	C:\WINDOWS\System32\profapi.dll
0x00007ffd91310000 - 0x00007ffd91329000 	E:\APP\Android studio\jbr\bin\net.dll
0x00007ffd9d0e0000 - 0x00007ffd9d1ad000 	C:\WINDOWS\SYSTEM32\WINHTTP.dll
0x00007ffd9f9f0000 - 0x00007ffd9fa4d000 	C:\WINDOWS\system32\mswsock.dll
0x00007ffd912f0000 - 0x00007ffd91306000 	E:\APP\Android studio\jbr\bin\nio.dll
0x00007ffcf5690000 - 0x00007ffcf56a0000 	E:\APP\Android studio\jbr\bin\verify.dll
0x00007ffcefd00000 - 0x00007ffcefd27000 	C:\Users\Temp\.gradle\native\68d5fa5c4cc2d200863cafc0d521ce42e7d3e7ee720ec0a83991735586a16f82\windows-amd64\native-platform.dll
0x00007ffd912e0000 - 0x00007ffd912e9000 	E:\APP\Android studio\jbr\bin\management.dll
0x00007ffd912d0000 - 0x00007ffd912db000 	E:\APP\Android studio\jbr\bin\management_ext.dll
0x00007ffda2890000 - 0x00007ffda2898000 	C:\WINDOWS\System32\PSAPI.DLL
0x00007ffd9fba0000 - 0x00007ffd9fbb7000 	C:\WINDOWS\SYSTEM32\CRYPTSP.dll
0x00007ffd9f5a0000 - 0x00007ffd9f5d3000 	C:\WINDOWS\system32\rsaenh.dll
0x00007ffda0070000 - 0x00007ffda009b000 	C:\WINDOWS\SYSTEM32\bcrypt.dll
0x00007ffd9f820000 - 0x00007ffd9f840000 	C:\WINDOWS\SYSTEM32\USERENV.dll
0x00007ffd9fbc0000 - 0x00007ffd9fbcb000 	C:\WINDOWS\SYSTEM32\CRYPTBASE.dll
0x00007ffd9f720000 - 0x00007ffd9f758000 	C:\WINDOWS\SYSTEM32\IPHLPAPI.DLL
0x00007ffda2880000 - 0x00007ffda2888000 	C:\WINDOWS\System32\NSI.dll
0x00007ffd9be50000 - 0x00007ffd9be66000 	C:\WINDOWS\SYSTEM32\dhcpcsvc6.DLL
0x00007ffd9bb70000 - 0x00007ffd9bb8a000 	C:\WINDOWS\SYSTEM32\dhcpcsvc.DLL

dbghelp: loaded successfully - version: 4.0.5 - missing functions: none
symbol engine: initialized successfully - sym options: 0x614 - pdb path: .;E:\APP\Android studio\jbr\bin;C:\WINDOWS\SYSTEM32;C:\WINDOWS\WinSxS\amd64_microsoft.windows.common-controls_6595b64144ccf1df_6.0.14393.4169_none_7de0bbf28341b1f2;E:\APP\Android studio\jbr\bin\server;C:\Users\Temp\.gradle\native\68d5fa5c4cc2d200863cafc0d521ce42e7d3e7ee720ec0a83991735586a16f82\windows-amd64

VM Arguments:
jvm_args: --add-opens=java.base/java.util=ALL-UNNAMED --add-opens=java.base/java.lang=ALL-UNNAMED --add-opens=java.base/java.lang.invoke=ALL-UNNAMED --add-opens=java.prefs/java.util.prefs=ALL-UNNAMED --add-opens=java.base/java.nio.charset=ALL-UNNAMED --add-opens=java.base/java.net=ALL-UNNAMED --add-opens=java.base/java.util.concurrent.atomic=ALL-UNNAMED -Xmx2048m -Dfile.encoding=UTF-8 -Duser.country=HK -Duser.language=zh -Duser.variant 
java_command: org.gradle.launcher.daemon.bootstrap.GradleDaemon 8.0
java_class_path (initial): C:\Users\Temp\.gradle\wrapper\dists\gradle-8.0-bin\ca5e32bp14vu59qr306oxotwh\gradle-8.0\lib\gradle-launcher-8.0.jar
Launcher Type: SUN_STANDARD

[Global flags]
     intx CICompilerCount                          = 4                                         {product} {ergonomic}
     uint ConcGCThreads                            = 2                                         {product} {ergonomic}
     uint G1ConcRefinementThreads                  = 8                                         {product} {ergonomic}
   size_t G1HeapRegionSize                         = 1048576                                   {product} {ergonomic}
    uintx GCDrainStackTargetSize                   = 64                                        {product} {ergonomic}
   size_t InitialHeapSize                          = 266338304                                 {product} {ergonomic}
   size_t MarkStackSize                            = 4194304                                   {product} {ergonomic}
   size_t MaxHeapSize                              = 2147483648                                {product} {command line}
   size_t MaxNewSize                               = 1287651328                                {product} {ergonomic}
   size_t MinHeapDeltaBytes                        = 1048576                                   {product} {ergonomic}
   size_t MinHeapSize                              = 8388608                                   {product} {ergonomic}
    uintx NonNMethodCodeHeapSize                   = 5839372                                {pd product} {ergonomic}
    uintx NonProfiledCodeHeapSize                  = 122909434                              {pd product} {ergonomic}
    uintx ProfiledCodeHeapSize                     = 122909434                              {pd product} {ergonomic}
    uintx ReservedCodeCacheSize                    = 251658240                              {pd product} {ergonomic}
     bool SegmentedCodeCache                       = true                                      {product} {ergonomic}
   size_t SoftMaxHeapSize                          = 2147483648                             {manageable} {ergonomic}
     bool UseCompressedClassPointers               = true                           {product lp64_product} {ergonomic}
     bool UseCompressedOops                        = true                           {product lp64_product} {ergonomic}
     bool UseG1GC                                  = true                                      {product} {ergonomic}
     bool UseLargePagesIndividualAllocation        = false                                  {pd product} {ergonomic}

Logging:
Log output configuration:
 #0: stdout all=warning uptime,level,tags
 #1: stderr all=off uptime,level,tags

Environment Variables:
PATH=C:\Program Files\Common Files\Oracle\Java\javapath;C:\Program Files (x86)\Common Files\Oracle\Java\javapath;C:\oracle\ora11\product\11.2.0\client_1;C:\oracle\ora11\product\11.2.0\client_1\bin;C:\oracle\ora90\BIN\;C:\DOJ;C:\WINDOWS\system32;C:\WINDOWS;C:\WINDOWS\System32\Wbem;C:\WINDOWS\System32\WindowsPowerShell\v1.0\;C:\Program Files\SafeNet\Authentication\SAC\x64;C:\Program Files\SafeNet\Authentication\SAC\x32;C:\Program Files (x86)\Microsoft SQL Server\80\Tools\BINN;C:\Program Files\CMSG\program\application\cmsg\bin;C:\Windows\CCM;C:\Windows\CCM;C:\Program Files\Java\jdk-11\bin;C:\Program Files\Git\cmd;C:\Program Files (x86)\dotnet\;C:\Program Files\dotnet\;C:\Program Files\Microsoft SQL Server\150\Tools\Binn\;C:\Program Files\Microsoft SQL Server\Client SDK\ODBC\170\Tools\Binn\;C:\Users\Temp\AppData\Local\Programs\Python\Python310\Scripts\;C:\Users\Temp\AppData\Local\Programs\Python\Python310\;C:\Users\Temp\AppData\Local\Microsoft\WindowsApps;C:\Users\Temp\AppData\Local\Programs\Microsoft VS Code\bin;C:\Users\Temp\AppData\Roaming\Microsoft\Windows\Start Menu\Programs\Python 3.11;C:\Users\Temp\AppData\Local\GitHubDesktop\bin;C:\Users\Temp\.dotnet\tools
USERNAME=Temp
OS=Windows_NT
PROCESSOR_IDENTIFIER=Intel64 Family 6 Model 158 Stepping 13, GenuineIntel
TMP=C:\Users\Temp\AppData\Local\Temp
TEMP=C:\Users\Temp\AppData\Local\Temp



---------------  S Y S T E M  ---------------

OS:
 Windows 10 , 64 bit Build 14393 (10.0.14393.5786)
OS uptime: 4 days 16:27 hours

CPU: total 8 (initial active 8) (8 cores per cpu, 1 threads per core) family 6 model 158 stepping 13 microcode 0xde, cx8, cmov, fxsr, mmx, 3dnowpref, sse, sse2, sse3, ssse3, sse4.1, sse4.2, popcnt, lzcnt, tsc, tscinvbit, avx, avx2, aes, erms, clmul, bmi1, bmi2, adx, fma, vzeroupper, clflush, clflushopt

Memory: 4k page, system-wide physical 16222M (1016M free)
TotalPageFile size 16222M (AvailPageFile size 0M)
current process WorkingSet (physical memory assigned to process): 335M, peak: 335M
current process commit charge ("private bytes"): 371M, peak: 395M

vm_info: OpenJDK 64-Bit Server VM (17.0.6+0-b2043.56-9586694) for windows-amd64 JRE (17.0.6+0-b2043.56-9586694), built on Feb  9 2023 20:06:20 by "androidbuild" with MS VC++ 16.10 / 16.11 (VS2019)

END.
